collect_app/build/intermediates/manifest_merge_blame_file/debug/manifest-merger-blame-debug-report.txt
1<?xml version="1.0" encoding="utf-8"?>
2<manifest xmlns:android="http://schemas.android.com/apk/res/android"
3    package="org.odk.collect.android"
4    android:versionCode="1071"
5    android:versionName="633d822-dirty" >
6
7    <uses-sdk
8        android:minSdkVersion="21"
9        android:targetSdkVersion="33" />
10
11    <uses-permission android:name="android.permission.DISABLE_KEYGUARD" />
11-->src/debug/AndroidManifest.xml:5:5-74
11-->src/debug/AndroidManifest.xml:5:22-72
12
13    <!-- Allows changing locales -->
14    <uses-permission android:name="android.permission.CHANGE_CONFIGURATION" />
14-->src/debug/AndroidManifest.xml:8:5-115
14-->src/debug/AndroidManifest.xml:8:22-76
15
16    <uses-feature
16-->src/main/AndroidManifest.xml:14:5-16:36
17        android:name="android.hardware.location"
17-->src/main/AndroidManifest.xml:15:9-49
18        android:required="false" />
18-->src/main/AndroidManifest.xml:16:9-33
19    <uses-feature
19-->src/main/AndroidManifest.xml:17:5-19:36
20        android:name="android.hardware.location.network"
20-->src/main/AndroidManifest.xml:18:9-57
21        android:required="false" />
21-->src/main/AndroidManifest.xml:19:9-33
22    <uses-feature
22-->src/main/AndroidManifest.xml:20:5-22:36
23        android:name="android.hardware.location.gps"
23-->src/main/AndroidManifest.xml:21:9-53
24        android:required="false" />
24-->src/main/AndroidManifest.xml:22:9-33
25    <uses-feature
25-->src/main/AndroidManifest.xml:23:5-25:36
26        android:name="android.hardware.telephony"
26-->src/main/AndroidManifest.xml:24:9-50
27        android:required="false" />
27-->src/main/AndroidManifest.xml:25:9-33
28    <uses-feature
28-->src/main/AndroidManifest.xml:26:5-28:36
29        android:name="android.hardware.wifi"
29-->src/main/AndroidManifest.xml:27:9-45
30        android:required="false" /> <!-- Dangerous permissions -->
30-->src/main/AndroidManifest.xml:28:9-33
31    <uses-permission android:name="android.permission.ACCESS_FINE_LOCATION" />
31-->src/main/AndroidManifest.xml:31:5-79
31-->src/main/AndroidManifest.xml:31:22-76
32    <uses-permission android:name="android.permission.ACCESS_COARSE_LOCATION" />
32-->src/main/AndroidManifest.xml:32:5-81
32-->src/main/AndroidManifest.xml:32:22-78
33    <uses-permission android:name="android.permission.READ_EXTERNAL_STORAGE" />
33-->src/main/AndroidManifest.xml:33:5-80
33-->src/main/AndroidManifest.xml:33:22-77
34    <uses-permission android:name="android.permission.CAMERA" />
34-->src/main/AndroidManifest.xml:34:5-65
34-->src/main/AndroidManifest.xml:34:22-62
35    <uses-permission android:name="android.permission.READ_PHONE_STATE" />
35-->src/main/AndroidManifest.xml:35:5-75
35-->src/main/AndroidManifest.xml:35:22-72
36    <uses-permission android:name="android.permission.RECORD_AUDIO" />
36-->src/main/AndroidManifest.xml:36:5-71
36-->src/main/AndroidManifest.xml:36:22-68
37    <uses-permission android:name="android.permission.GET_ACCOUNTS" /> <!-- Normal permissions -->
37-->src/main/AndroidManifest.xml:37:5-71
37-->src/main/AndroidManifest.xml:37:22-68
38    <uses-permission android:name="android.permission.INTERNET" />
38-->src/main/AndroidManifest.xml:40:5-67
38-->src/main/AndroidManifest.xml:40:22-64
39    <uses-permission android:name="android.permission.ACCESS_WIFI_STATE" />
39-->src/main/AndroidManifest.xml:41:5-76
39-->src/main/AndroidManifest.xml:41:22-73
40    <uses-permission android:name="android.permission.ACCESS_NETWORK_STATE" />
40-->src/main/AndroidManifest.xml:42:5-79
40-->src/main/AndroidManifest.xml:42:22-76
41    <uses-permission android:name="android.permission.WAKE_LOCK" />
41-->src/main/AndroidManifest.xml:43:5-68
41-->src/main/AndroidManifest.xml:43:22-65
42    <!--
43        Since we use Scoped Storage, we should not need this permission. However, we discovered that
44        this might be required in some rare cases, probably due to bugs in Android OS.
45        See: https://github.com/getodk/collect/issues/5145
46    -->
47    <uses-permission android:name="android.permission.WRITE_EXTERNAL_STORAGE" /> <!-- Removed in API 23 -->
47-->src/main/AndroidManifest.xml:50:5-81
47-->src/main/AndroidManifest.xml:50:22-78
48    <uses-permission
48-->src/main/AndroidManifest.xml:53:5-55:38
49        android:name="android.permission.USE_CREDENTIALS"
49-->src/main/AndroidManifest.xml:54:9-58
50        android:maxSdkVersion="22" />
50-->src/main/AndroidManifest.xml:55:9-35
51    <uses-permission
51-->src/main/AndroidManifest.xml:56:5-58:38
52        android:name="android.permission.MANAGE_ACCOUNTS"
52-->src/main/AndroidManifest.xml:57:9-58
53        android:maxSdkVersion="22" />
53-->src/main/AndroidManifest.xml:58:9-35
54
55    <uses-feature
55-->src/main/AndroidManifest.xml:60:5-62:36
56        android:name="android.hardware.camera"
56-->src/main/AndroidManifest.xml:61:9-47
57        android:required="false" />
57-->src/main/AndroidManifest.xml:62:9-33
58    <uses-feature
58-->src/main/AndroidManifest.xml:63:5-65:36
59        android:name="android.hardware.camera.autofocus"
59-->src/main/AndroidManifest.xml:64:9-57
60        android:required="false" />
60-->src/main/AndroidManifest.xml:65:9-33
61    <uses-feature
61-->src/main/AndroidManifest.xml:66:5-68:36
62        android:name="android.hardware.screen.portrait"
62-->src/main/AndroidManifest.xml:67:9-56
63        android:required="false" />
63-->src/main/AndroidManifest.xml:68:9-33
64
65    <supports-screens
65-->src/main/AndroidManifest.xml:70:5-76:40
66        android:anyDensity="true"
66-->src/main/AndroidManifest.xml:71:9-34
67        android:largeScreens="true"
67-->src/main/AndroidManifest.xml:72:9-36
68        android:normalScreens="true"
68-->src/main/AndroidManifest.xml:73:9-37
69        android:resizeable="true"
69-->src/main/AndroidManifest.xml:74:9-34
70        android:smallScreens="true"
70-->src/main/AndroidManifest.xml:75:9-36
71        android:xlargeScreens="true" />
71-->src/main/AndroidManifest.xml:76:9-37
72
73    <queries>
73-->src/main/AndroidManifest.xml:361:5-365:15
74        <intent>
74-->src/main/AndroidManifest.xml:362:9-364:18
75            <action android:name="android.intent.action.MAIN" />
75-->src/main/AndroidManifest.xml:105:17-69
75-->src/main/AndroidManifest.xml:105:25-66
76        </intent>
77        <!-- Needs to be explicitly declared on Android R+ -->
78        <package android:name="com.google.android.apps.maps" />
78-->[com.google.android.gms:play-services-maps:18.1.0] AndroidManifest.xml:33:9-64
78-->[com.google.android.gms:play-services-maps:18.1.0] AndroidManifest.xml:33:18-61
79        <package android:name="androidx.test.orchestrator" />
79-->[androidx.test:runner:1.5.2] AndroidManifest.xml:25:9-62
79-->[androidx.test:runner:1.5.2] AndroidManifest.xml:25:18-59
80        <package android:name="androidx.test.services" />
80-->[androidx.test:runner:1.5.2] AndroidManifest.xml:26:9-58
80-->[androidx.test:runner:1.5.2] AndroidManifest.xml:26:18-55
81        <package android:name="com.google.android.apps.common.testing.services" />
81-->[androidx.test:runner:1.5.2] AndroidManifest.xml:27:9-83
81-->[androidx.test:runner:1.5.2] AndroidManifest.xml:27:18-80
82    </queries>
83
84    <uses-permission android:name="android.permission.FOREGROUND_SERVICE" />
84-->[:audiorecorder] AndroidManifest.xml:7:5-77
84-->[:audiorecorder] AndroidManifest.xml:7:22-74
85    <uses-permission android:name="android.permission.REORDER_TASKS" />
85-->[androidx.fragment:fragment-testing:1.5.5] AndroidManifest.xml:25:5-72
85-->[androidx.fragment:fragment-testing:1.5.5] AndroidManifest.xml:25:22-69
86    <uses-permission android:name="android.permission.USE_BIOMETRIC" /> <!-- suppress DeprecatedClassUsageInspection -->
86-->[androidx.biometric:biometric:1.2.0-alpha05] AndroidManifest.xml:22:5-72
86-->[androidx.biometric:biometric:1.2.0-alpha05] AndroidManifest.xml:22:22-69
87    <uses-permission android:name="android.permission.USE_FINGERPRINT" />
87-->[androidx.biometric:biometric:1.2.0-alpha05] AndroidManifest.xml:25:5-74
87-->[androidx.biometric:biometric:1.2.0-alpha05] AndroidManifest.xml:25:22-71
88
89    <uses-feature
89-->[com.google.android.gms:play-services-maps:18.1.0] AndroidManifest.xml:26:5-28:35
90        android:glEsVersion="0x00020000"
90-->[com.google.android.gms:play-services-maps:18.1.0] AndroidManifest.xml:27:9-41
91        android:required="true" />
91-->[com.google.android.gms:play-services-maps:18.1.0] AndroidManifest.xml:28:9-32
92
93    <uses-permission android:name="com.google.android.finsky.permission.BIND_GET_INSTALL_REFERRER_SERVICE" />
93-->[com.google.android.gms:play-services-measurement:21.2.0] AndroidManifest.xml:26:5-110
93-->[com.google.android.gms:play-services-measurement:21.2.0] AndroidManifest.xml:26:22-107
94    <uses-permission android:name="com.google.android.gms.permission.AD_ID" />
94-->[com.google.android.gms:play-services-measurement-api:21.2.0] AndroidManifest.xml:25:5-79
94-->[com.google.android.gms:play-services-measurement-api:21.2.0] AndroidManifest.xml:25:22-76
95    <uses-permission android:name="android.permission.RECEIVE_BOOT_COMPLETED" />
95-->[androidx.work:work-runtime:2.8.0] AndroidManifest.xml:25:5-81
95-->[androidx.work:work-runtime:2.8.0] AndroidManifest.xml:25:22-78
96
97    <permission
97-->[androidx.core:core:1.9.0] AndroidManifest.xml:22:5-24:47
98        android:name="org.odk.collect.android.DYNAMIC_RECEIVER_NOT_EXPORTED_PERMISSION"
98-->[androidx.core:core:1.9.0] AndroidManifest.xml:23:9-81
99        android:protectionLevel="signature" />
99-->[androidx.core:core:1.9.0] AndroidManifest.xml:24:9-44
100
101    <uses-permission android:name="org.odk.collect.android.DYNAMIC_RECEIVER_NOT_EXPORTED_PERMISSION" /> <!-- To allow posting notifications on Android 13 -->
101-->[androidx.core:core:1.9.0] AndroidManifest.xml:26:5-97
101-->[androidx.core:core:1.9.0] AndroidManifest.xml:26:22-94
102    <uses-permission android:name="android.permission.POST_NOTIFICATIONS" />
102-->[com.squareup.leakcanary:leakcanary-android-core:2.10] AndroidManifest.xml:29:5-77
102-->[com.squareup.leakcanary:leakcanary-android-core:2.10] AndroidManifest.xml:29:22-74
103
104    <uses-feature
104-->[com.journeyapps:zxing-android-embedded:4.3.0] AndroidManifest.xml:28:5-30:36
105        android:name="android.hardware.camera.front"
105-->[com.journeyapps:zxing-android-embedded:4.3.0] AndroidManifest.xml:29:9-53
106        android:required="false" />
106-->[com.journeyapps:zxing-android-embedded:4.3.0] AndroidManifest.xml:30:9-33
107    <uses-feature
107-->[com.journeyapps:zxing-android-embedded:4.3.0] AndroidManifest.xml:36:5-38:36
108        android:name="android.hardware.camera.flash"
108-->[com.journeyapps:zxing-android-embedded:4.3.0] AndroidManifest.xml:37:9-53
109        android:required="false" />
109-->[com.journeyapps:zxing-android-embedded:4.3.0] AndroidManifest.xml:38:9-33
110    <uses-feature
110-->[com.journeyapps:zxing-android-embedded:4.3.0] AndroidManifest.xml:39:5-41:36
111        android:name="android.hardware.screen.landscape"
111-->[com.journeyapps:zxing-android-embedded:4.3.0] AndroidManifest.xml:40:9-57
112        android:required="false" />
112-->[com.journeyapps:zxing-android-embedded:4.3.0] AndroidManifest.xml:41:9-33
113
114    <application
114-->src/main/AndroidManifest.xml:78:5-359:19
115        android:name="org.odk.collect.android.application.Collect"
115-->src/main/AndroidManifest.xml:79:9-44
116        android:allowBackup="true"
116-->src/main/AndroidManifest.xml:80:9-35
117        android:appComponentFactory="androidx.core.app.CoreComponentFactory"
117-->[androidx.core:core:1.9.0] AndroidManifest.xml:28:18-86
118        android:debuggable="true"
119        android:icon="@drawable/delifood"
119-->src/main/AndroidManifest.xml:81:9-42
120        android:installLocation="auto"
120-->src/main/AndroidManifest.xml:82:9-39
121        android:label="DeliFood"
121-->src/main/AndroidManifest.xml:83:9-33
122        android:largeHeap="true"
122-->src/main/AndroidManifest.xml:84:9-33
123        android:networkSecurityConfig="@xml/network_security_config"
123-->src/main/AndroidManifest.xml:85:9-69
124        android:supportsRtl="true"
124-->src/main/AndroidManifest.xml:86:9-35
125        android:testOnly="true"
126        android:theme="@style/Theme.Collect"
126-->src/main/AndroidManifest.xml:88:9-45
127        android:usesCleartextTraffic="true" >
127-->src/main/AndroidManifest.xml:87:9-44
128        <provider
129            android:name="androidx.core.content.FileProvider"
130            android:authorities="org.odk.collect.android.provider"
131            android:exported="false"
132            android:grantUriPermissions="true" >
133            <meta-data
133-->[com.squareup.leakcanary:leakcanary-android-core:2.10] AndroidManifest.xml:37:13-39:66
134                android:name="android.support.FILE_PROVIDER_PATHS"
134-->[com.squareup.leakcanary:leakcanary-android-core:2.10] AndroidManifest.xml:38:17-67
135                android:resource="@xml/provider_paths" />
135-->[com.squareup.leakcanary:leakcanary-android-core:2.10] AndroidManifest.xml:39:17-63
136        </provider>
137
138        <activity
138-->src/main/AndroidManifest.xml:100:9-109:20
139            android:name="org.odk.collect.android.activities.LaunchActivity"
139-->src/main/AndroidManifest.xml:101:13-54
140            android:exported="true"
140-->src/main/AndroidManifest.xml:103:13-36
141            android:theme="@style/Theme.Collect.SplashScreen" >
141-->src/main/AndroidManifest.xml:102:13-62
142            <intent-filter>
142-->src/main/AndroidManifest.xml:104:13-108:29
143                <action android:name="android.intent.action.MAIN" />
143-->src/main/AndroidManifest.xml:105:17-69
143-->src/main/AndroidManifest.xml:105:25-66
144
145                <category android:name="android.intent.category.DEFAULT" />
145-->src/main/AndroidManifest.xml:106:17-76
145-->src/main/AndroidManifest.xml:106:27-73
146                <category android:name="android.intent.category.LAUNCHER" />
146-->src/main/AndroidManifest.xml:107:17-77
146-->src/main/AndroidManifest.xml:107:27-74
147            </intent-filter>
148        </activity>
149        <activity android:name="org.odk.collect.android.activities.LoginActivity" >
149-->src/main/AndroidManifest.xml:111:9-113:20
149-->src/main/AndroidManifest.xml:112:13-53
150        </activity>
151        <activity android:name="org.odk.collect.android.activities.ErrorAccessActivity" >
151-->src/main/AndroidManifest.xml:115:9-117:20
151-->src/main/AndroidManifest.xml:116:13-59
152        </activity>
153        <activity android:name="org.odk.collect.android.activities.PinAuthenticationActivity" >
153-->src/main/AndroidManifest.xml:119:9-121:20
153-->src/main/AndroidManifest.xml:120:13-65
154        </activity>
155        <activity android:name="org.odk.collect.android.activities.FirstLaunchActivity" >
155-->src/main/AndroidManifest.xml:123:9-125:20
155-->src/main/AndroidManifest.xml:124:13-59
156        </activity>
157        <activity android:name="org.odk.collect.android.activities.AuthenticationVerifyActivity" >
157-->src/main/AndroidManifest.xml:127:9-129:20
157-->src/main/AndroidManifest.xml:128:13-68
158        </activity>
159        <activity android:name="org.odk.collect.android.activities.MainMenuActivity" >
159-->src/main/AndroidManifest.xml:131:9-133:20
159-->src/main/AndroidManifest.xml:132:13-56
160        </activity>
161        <activity android:name="org.odk.collect.android.activities.CrashHandlerActivity" />
161-->src/main/AndroidManifest.xml:135:9-92
161-->src/main/AndroidManifest.xml:135:19-89
162        <activity
162-->src/main/AndroidManifest.xml:137:9-141:63
163            android:name="org.odk.collect.android.activities.ScannerWithFlashlightActivity"
163-->src/main/AndroidManifest.xml:138:13-69
164            android:screenOrientation="portrait"
164-->src/main/AndroidManifest.xml:139:13-49
165            android:stateNotNeeded="true"
165-->src/main/AndroidManifest.xml:140:13-42
166            android:windowSoftInputMode="stateAlwaysHidden" />
166-->src/main/AndroidManifest.xml:141:13-60
167        <activity
167-->src/main/AndroidManifest.xml:142:9-145:58
168            android:name="org.odk.collect.android.activities.FormEntryActivity"
168-->src/main/AndroidManifest.xml:143:13-57
169            android:theme="@style/Theme.Collect.FormEntry"
169-->src/main/AndroidManifest.xml:144:13-59
170            android:windowSoftInputMode="adjustResize" />
170-->src/main/AndroidManifest.xml:145:13-55
171
172        <activity-alias
172-->src/main/AndroidManifest.xml:255:9-260:26
173            android:name="org.odk.collect.android.activities.FormEntryActivity"
173-->src/main/AndroidManifest.xml:256:13-57
174            android:exported="true"
174-->src/main/AndroidManifest.xml:259:13-36
175            android:targetActivity="org.odk.collect.android.activities.FormEntryActivity" >
175-->src/main/AndroidManifest.xml:257:13-67
176        </activity-alias>
177
178        <activity
178-->src/main/AndroidManifest.xml:146:9-148:53
179            android:name="org.odk.collect.android.draw.DrawActivity"
179-->src/main/AndroidManifest.xml:147:13-46
180            android:screenOrientation="landscape" />
180-->src/main/AndroidManifest.xml:148:13-50
181        <activity
181-->src/main/AndroidManifest.xml:149:9-152:57
182            android:name="org.odk.collect.android.gdrive.GoogleDriveActivity"
182-->src/main/AndroidManifest.xml:150:13-55
183            android:configChanges="orientation|screenSize"
183-->src/main/AndroidManifest.xml:151:13-59
184            android:windowSoftInputMode="stateHidden" />
184-->src/main/AndroidManifest.xml:152:13-54
185        <activity android:name="org.odk.collect.android.activities.InstanceChooserList" />
185-->src/main/AndroidManifest.xml:153:9-68
185-->src/main/AndroidManifest.xml:153:19-65
186
187        <activity-alias
187-->src/main/AndroidManifest.xml:262:9-276:26
188            android:name="org.odk.collect.android.activities.InstanceChooserList"
188-->src/main/AndroidManifest.xml:263:13-59
189            android:exported="true"
189-->src/main/AndroidManifest.xml:265:13-36
190            android:targetActivity="org.odk.collect.android.activities.InstanceChooserList" >
190-->src/main/AndroidManifest.xml:264:13-69
191            <intent-filter>
191-->src/main/AndroidManifest.xml:267:13-275:29
192                <action android:name="android.intent.action.VIEW" />
192-->src/main/AndroidManifest.xml:268:17-69
192-->src/main/AndroidManifest.xml:268:25-66
193                <action android:name="android.intent.action.EDIT" />
193-->src/main/AndroidManifest.xml:269:17-69
193-->src/main/AndroidManifest.xml:269:25-66
194                <action android:name="android.intent.action.PICK" />
194-->src/main/AndroidManifest.xml:270:17-69
194-->src/main/AndroidManifest.xml:270:25-66
195
196                <category android:name="android.intent.category.DEFAULT" />
196-->src/main/AndroidManifest.xml:106:17-76
196-->src/main/AndroidManifest.xml:106:27-73
197
198                <data android:mimeType="vnd.android.cursor.dir/vnd.odk.instance" />
198-->src/main/AndroidManifest.xml:274:17-84
198-->src/main/AndroidManifest.xml:274:23-81
199            </intent-filter>
200        </activity-alias>
201
202        <activity
202-->src/main/AndroidManifest.xml:154:9-156:46
203            android:name="org.odk.collect.android.formlists.blankformlist.BlankFormListActivity"
203-->src/main/AndroidManifest.xml:155:13-74
204            android:launchMode="singleTop" />
204-->src/main/AndroidManifest.xml:156:13-43
205
206        <activity-alias
206-->src/main/AndroidManifest.xml:278:9-292:26
207            android:name="org.odk.collect.android.activities.FormChooserList"
207-->src/main/AndroidManifest.xml:279:13-55
208            android:exported="true"
208-->src/main/AndroidManifest.xml:281:13-36
209            android:targetActivity="org.odk.collect.android.formlists.blankformlist.BlankFormListActivity" >
209-->src/main/AndroidManifest.xml:280:13-84
210            <intent-filter>
210-->src/main/AndroidManifest.xml:283:13-291:29
211                <action android:name="android.intent.action.VIEW" />
211-->src/main/AndroidManifest.xml:268:17-69
211-->src/main/AndroidManifest.xml:268:25-66
212                <action android:name="android.intent.action.EDIT" />
212-->src/main/AndroidManifest.xml:269:17-69
212-->src/main/AndroidManifest.xml:269:25-66
213                <action android:name="android.intent.action.PICK" />
213-->src/main/AndroidManifest.xml:270:17-69
213-->src/main/AndroidManifest.xml:270:25-66
214
215                <category android:name="android.intent.category.DEFAULT" />
215-->src/main/AndroidManifest.xml:106:17-76
215-->src/main/AndroidManifest.xml:106:27-73
216
217                <data android:mimeType="vnd.android.cursor.dir/vnd.odk.form" />
217-->src/main/AndroidManifest.xml:274:17-84
217-->src/main/AndroidManifest.xml:274:23-81
218            </intent-filter>
219        </activity-alias>
220
221        <activity android:name="org.odk.collect.android.activities.FormDownloadListActivity" />
221-->src/main/AndroidManifest.xml:157:9-73
221-->src/main/AndroidManifest.xml:157:19-70
222
223        <activity-alias
223-->src/main/AndroidManifest.xml:294:9-303:26
224            android:name="org.odk.collect.android.activities.FormDownloadList"
224-->src/main/AndroidManifest.xml:295:13-56
225            android:exported="true"
225-->src/main/AndroidManifest.xml:297:13-36
226            android:targetActivity="org.odk.collect.android.activities.FormDownloadListActivity" >
226-->src/main/AndroidManifest.xml:296:13-74
227            <intent-filter>
227-->src/main/AndroidManifest.xml:298:13-302:29
228                <action android:name="org.odk.collect.android.FORM_DOWNLOAD" />
228-->src/main/AndroidManifest.xml:299:17-80
228-->src/main/AndroidManifest.xml:299:25-77
229
230                <category android:name="android.intent.category.DEFAULT" />
230-->src/main/AndroidManifest.xml:106:17-76
230-->src/main/AndroidManifest.xml:106:27-73
231
232                <data android:mimeType="vnd.android.cursor.dir/vnd.odk.form" />
232-->src/main/AndroidManifest.xml:274:17-84
232-->src/main/AndroidManifest.xml:274:23-81
233            </intent-filter>
234        </activity-alias>
235
236        <activity
236-->src/main/AndroidManifest.xml:158:9-160:62
237            android:name="org.odk.collect.android.activities.DeleteSavedFormActivity"
237-->src/main/AndroidManifest.xml:159:13-63
238            android:configChanges="orientation|screenSize" />
238-->src/main/AndroidManifest.xml:160:13-59
239        <activity
239-->src/main/AndroidManifest.xml:161:9-163:62
240            android:name="org.odk.collect.android.gdrive.GoogleSheetsUploaderActivity"
240-->src/main/AndroidManifest.xml:162:13-64
241            android:configChanges="orientation|screenSize" />
241-->src/main/AndroidManifest.xml:163:13-59
242        <activity
242-->src/main/AndroidManifest.xml:164:9-166:62
243            android:name="org.odk.collect.android.activities.InstanceUploaderListActivity"
243-->src/main/AndroidManifest.xml:165:13-68
244            android:configChanges="orientation|screenSize" />
244-->src/main/AndroidManifest.xml:166:13-59
245
246        <activity-alias
246-->src/main/AndroidManifest.xml:305:9-315:26
247            android:name="org.odk.collect.android.activities.InstanceUploaderList"
247-->src/main/AndroidManifest.xml:306:13-60
248            android:exported="true"
248-->src/main/AndroidManifest.xml:308:13-36
249            android:targetActivity="org.odk.collect.android.activities.InstanceUploaderListActivity" >
249-->src/main/AndroidManifest.xml:307:13-78
250            <intent-filter>
250-->src/main/AndroidManifest.xml:309:13-314:29
251                <action android:name="android.intent.action.VIEW" />
251-->src/main/AndroidManifest.xml:268:17-69
251-->src/main/AndroidManifest.xml:268:25-66
252                <action android:name="android.intent.action.EDIT" />
252-->src/main/AndroidManifest.xml:269:17-69
252-->src/main/AndroidManifest.xml:269:25-66
253
254                <category android:name="android.intent.category.DEFAULT" />
254-->src/main/AndroidManifest.xml:106:17-76
254-->src/main/AndroidManifest.xml:106:27-73
255            </intent-filter>
256        </activity-alias>
257
258        <activity android:name="org.odk.collect.android.activities.InstanceUploaderActivity" />
258-->src/main/AndroidManifest.xml:167:9-73
258-->src/main/AndroidManifest.xml:167:19-70
259
260        <activity-alias
260-->src/main/AndroidManifest.xml:317:9-326:26
261            android:name="org.odk.collect.android.activities.InstanceUploaderActivity"
261-->src/main/AndroidManifest.xml:318:13-64
262            android:exported="true"
262-->src/main/AndroidManifest.xml:320:13-36
263            android:targetActivity="org.odk.collect.android.activities.InstanceUploaderActivity" >
263-->src/main/AndroidManifest.xml:319:13-74
264            <intent-filter>
264-->src/main/AndroidManifest.xml:321:13-325:29
265                <action android:name="org.odk.collect.android.INSTANCE_UPLOAD" />
265-->src/main/AndroidManifest.xml:322:17-82
265-->src/main/AndroidManifest.xml:322:25-79
266
267                <category android:name="android.intent.category.DEFAULT" />
267-->src/main/AndroidManifest.xml:106:17-76
267-->src/main/AndroidManifest.xml:106:27-73
268
269                <data android:mimeType="vnd.android.cursor.dir/vnd.odk.instance" />
269-->src/main/AndroidManifest.xml:274:17-84
269-->src/main/AndroidManifest.xml:274:23-81
270            </intent-filter>
271        </activity-alias>
272
273        <activity android:name="org.odk.collect.android.activities.AboutActivity" />
273-->src/main/AndroidManifest.xml:168:9-62
273-->src/main/AndroidManifest.xml:168:19-59
274        <activity android:name="org.odk.collect.android.configure.qr.QRCodeTabsActivity" />
274-->src/main/AndroidManifest.xml:169:9-69
274-->src/main/AndroidManifest.xml:169:19-66
275        <activity
275-->src/main/AndroidManifest.xml:170:9-172:61
276            android:name="org.odk.collect.android.preferences.screens.ProjectPreferencesActivity"
276-->src/main/AndroidManifest.xml:171:13-75
277            android:theme="@style/Theme.Collect.Settings" />
277-->src/main/AndroidManifest.xml:172:13-58
278        <activity android:name="org.odk.collect.android.activities.FormHierarchyActivity" />
278-->src/main/AndroidManifest.xml:173:9-70
278-->src/main/AndroidManifest.xml:173:19-67
279        <activity android:name="org.odk.collect.android.activities.ViewOnlyFormHierarchyActivity" />
279-->src/main/AndroidManifest.xml:174:9-78
279-->src/main/AndroidManifest.xml:174:19-75
280        <activity
280-->src/main/AndroidManifest.xml:175:9-178:45
281            android:name="org.odk.collect.geo.geopoint.GeoPointActivity"
281-->src/main/AndroidManifest.xml:176:13-73
282            android:theme="@style/Theme.Collect" />
282-->src/main/AndroidManifest.xml:177:13-49
283        <activity
283-->src/main/AndroidManifest.xml:179:9-182:45
284            android:name="org.odk.collect.geo.geopoint.GeoPointMapActivity"
284-->src/main/AndroidManifest.xml:180:13-76
285            android:theme="@style/Theme.Collect" />
285-->src/main/AndroidManifest.xml:181:13-49
286        <activity
286-->src/main/AndroidManifest.xml:183:9-186:45
287            android:name="org.odk.collect.geo.geopoly.GeoPolyActivity"
287-->src/main/AndroidManifest.xml:184:13-71
288            android:theme="@style/Theme.Collect" />
288-->src/main/AndroidManifest.xml:185:13-49
289        <activity
289-->src/main/AndroidManifest.xml:187:9-190:45
290            android:name="org.odk.collect.errors.ErrorActivity"
290-->src/main/AndroidManifest.xml:188:13-64
291            android:theme="@style/Theme.Collect" />
291-->src/main/AndroidManifest.xml:189:13-49
292        <activity
292-->src/main/AndroidManifest.xml:192:9-195:45
293            android:name="org.odk.collect.entities.EntityBrowserActivity"
293-->src/main/AndroidManifest.xml:193:13-74
294            android:theme="@style/Theme.Collect" />
294-->src/main/AndroidManifest.xml:194:13-49
295        <activity android:name="org.odk.collect.android.activities.FormMapActivity" />
295-->src/main/AndroidManifest.xml:197:9-64
295-->src/main/AndroidManifest.xml:197:19-61
296        <activity android:name="org.odk.collect.android.activities.BearingActivity" />
296-->src/main/AndroidManifest.xml:198:9-64
296-->src/main/AndroidManifest.xml:198:19-61
297        <activity android:name="org.odk.collect.android.activities.WebViewActivity" />
297-->src/main/AndroidManifest.xml:199:9-64
297-->src/main/AndroidManifest.xml:199:19-61
298        <activity
298-->src/main/AndroidManifest.xml:200:9-205:20
299            android:name="org.odk.collect.selfiecamera.CaptureSelfieActivity"
299-->src/main/AndroidManifest.xml:201:13-78
300            android:screenOrientation="portrait"
300-->[:selfie-camera] AndroidManifest.xml:10:13-49
301            android:theme="@style/Theme.Collect" >
301-->src/main/AndroidManifest.xml:202:13-49
302        </activity>
303
304        <!-- Configure this key by setting GOOGLE_MAPS_API_KEY in secrets.properties. -->
305        <meta-data
305-->src/main/AndroidManifest.xml:208:9-210:59
306            android:name="com.google.android.geo.API_KEY"
306-->src/main/AndroidManifest.xml:209:13-58
307            android:value="@string/GOOGLE_MAPS_API_KEY" />
307-->src/main/AndroidManifest.xml:210:13-56
308        <meta-data
308-->src/main/AndroidManifest.xml:211:9-214:45
309            android:name="com.google.android.gms.version"
309-->src/main/AndroidManifest.xml:212:13-58
310            android:value="@integer/google_play_services_version" /> <!-- integer/google_play_services_version -->
310-->src/main/AndroidManifest.xml:213:13-66
311
312        <meta-data
312-->src/main/AndroidManifest.xml:216:9-218:37
313            android:name="firebase_analytics_collection_enabled"